[2025-08-24T04:54:34.921+0000] {local_task_job_runner.py:120} INFO - ::group::Pre task execution logs
[2025-08-24T04:54:34.949+0000] {taskinstance.py:2076} INFO - Dependencies all met for dep_context=non-requeueable deps ti=<TaskInstance: weather_avg_temp.publish scheduled__2025-08-22T06:00:00+00:00 [queued]>
[2025-08-24T04:54:34.954+0000] {taskinstance.py:2076} INFO - Dependencies all met for dep_context=requeueable deps ti=<TaskInstance: weather_avg_temp.publish scheduled__2025-08-22T06:00:00+00:00 [queued]>
[2025-08-24T04:54:34.955+0000] {taskinstance.py:2306} INFO - Starting attempt 1 of 2
[2025-08-24T04:54:34.962+0000] {taskinstance.py:2330} INFO - Executing <Task(_PythonDecoratedOperator): publish> on 2025-08-22 06:00:00+00:00
[2025-08-24T04:54:34.970+0000] {standard_task_runner.py:90} INFO - Running: ['***', 'tasks', 'run', 'weather_avg_temp', 'publish', 'scheduled__2025-08-22T06:00:00+00:00', '--job-id', '30', '--raw', '--subdir', 'DAGS_FOLDER/weather_avg_temp_dag.py', '--cfg-path', '/tmp/tmp6hjg362m']
[2025-08-24T04:54:34.971+0000] {standard_task_runner.py:91} INFO - Job 30: Subtask publish
[2025-08-24T04:54:34.973+0000] {logging_mixin.py:188} WARNING - /home/***/.local/lib/python3.12/site-packages/***/task/task_runner/standard_task_runner.py:61 DeprecationWarning: This process (pid=192) is multi-threaded, use of fork() may lead to deadlocks in the child.
[2025-08-24T04:54:34.973+0000] {standard_task_runner.py:63} INFO - Started process 193 to run task
[2025-08-24T04:54:35.004+0000] {task_command.py:426} INFO - Running <TaskInstance: weather_avg_temp.publish scheduled__2025-08-22T06:00:00+00:00 [running]> on host 12fdee013e31
[2025-08-24T04:54:35.071+0000] {taskinstance.py:2648} INFO - Exporting env vars: AIRFLOW_CTX_DAG_OWNER='data-eng' AIRFLOW_CTX_DAG_ID='weather_avg_temp' AIRFLOW_CTX_TASK_ID='publish' AIRFLOW_CTX_EXECUTION_DATE='2025-08-22T06:00:00+00:00' AIRFLOW_CTX_TRY_NUMBER='1' AIRFLOW_CTX_DAG_RUN_ID='scheduled__2025-08-22T06:00:00+00:00'
[2025-08-24T04:54:35.071+0000] {taskinstance.py:430} INFO - ::endgroup::
[2025-08-24T04:54:35.077+0000] {logging_mixin.py:188} INFO - Salt Lake City Average Max Temp: 32.83 (n=6)
[2025-08-24T04:54:35.077+0000] {logging_mixin.py:188} INFO - Los Angeles Average Max Temp: 32.83 (n=6)
[2025-08-24T04:54:35.078+0000] {logging_mixin.py:188} INFO - Boise Average Max Temp: 32.83 (n=6)
[2025-08-24T04:54:35.078+0000] {python.py:237} INFO - Done. Returned value was: None
[2025-08-24T04:54:35.078+0000] {taskinstance.py:441} INFO - ::group::Post task execution logs
[2025-08-24T04:54:35.084+0000] {taskinstance.py:1206} INFO - Marking task as SUCCESS. dag_id=weather_avg_temp, task_id=publish, run_id=scheduled__2025-08-22T06:00:00+00:00, execution_date=20250822T060000, start_date=20250824T045434, end_date=20250824T045435
[2025-08-24T04:54:35.106+0000] {local_task_job_runner.py:240} INFO - Task exited with return code 0
[2025-08-24T04:54:35.119+0000] {taskinstance.py:3503} INFO - 0 downstream tasks scheduled from follow-on schedule check
[2025-08-24T04:54:35.119+0000] {local_task_job_runner.py:222} INFO - ::endgroup::
