[2025-08-24T06:00:06.546+0000] {local_task_job_runner.py:120} INFO - ::group::Pre task execution logs
[2025-08-24T06:00:06.573+0000] {taskinstance.py:2076} INFO - Dependencies all met for dep_context=non-requeueable deps ti=<TaskInstance: weather_avg_temp.publish scheduled__2025-08-23T06:00:00+00:00 [queued]>
[2025-08-24T06:00:06.579+0000] {taskinstance.py:2076} INFO - Dependencies all met for dep_context=requeueable deps ti=<TaskInstance: weather_avg_temp.publish scheduled__2025-08-23T06:00:00+00:00 [queued]>
[2025-08-24T06:00:06.579+0000] {taskinstance.py:2306} INFO - Starting attempt 1 of 2
[2025-08-24T06:00:06.586+0000] {taskinstance.py:2330} INFO - Executing <Task(_PythonDecoratedOperator): publish> on 2025-08-23 06:00:00+00:00
[2025-08-24T06:00:06.594+0000] {standard_task_runner.py:90} INFO - Running: ['***', 'tasks', 'run', 'weather_avg_temp', 'publish', 'scheduled__2025-08-23T06:00:00+00:00', '--job-id', '50', '--raw', '--subdir', 'DAGS_FOLDER/weather_avg_temp_dag.py', '--cfg-path', '/tmp/tmpof0xidv5']
[2025-08-24T06:00:06.594+0000] {standard_task_runner.py:91} INFO - Job 50: Subtask publish
[2025-08-24T06:00:06.596+0000] {logging_mixin.py:188} WARNING - /home/***/.local/lib/python3.12/site-packages/***/task/task_runner/standard_task_runner.py:61 DeprecationWarning: This process (pid=882) is multi-threaded, use of fork() may lead to deadlocks in the child.
[2025-08-24T06:00:06.596+0000] {standard_task_runner.py:63} INFO - Started process 883 to run task
[2025-08-24T06:00:06.625+0000] {task_command.py:426} INFO - Running <TaskInstance: weather_avg_temp.publish scheduled__2025-08-23T06:00:00+00:00 [running]> on host 12fdee013e31
[2025-08-24T06:00:06.697+0000] {taskinstance.py:2648} INFO - Exporting env vars: AIRFLOW_CTX_DAG_OWNER='alex-eng' AIRFLOW_CTX_DAG_ID='weather_avg_temp' AIRFLOW_CTX_TASK_ID='publish' AIRFLOW_CTX_EXECUTION_DATE='2025-08-23T06:00:00+00:00' AIRFLOW_CTX_TRY_NUMBER='1' AIRFLOW_CTX_DAG_RUN_ID='scheduled__2025-08-23T06:00:00+00:00'
[2025-08-24T06:00:06.698+0000] {taskinstance.py:430} INFO - ::endgroup::
[2025-08-24T06:00:06.705+0000] {logging_mixin.py:188} INFO - Salt Lake City Average Max Temp: 30.78 (n=6)
[2025-08-24T06:00:06.706+0000] {logging_mixin.py:188} INFO - Los Angeles Average Max Temp: 30.78 (n=6)
[2025-08-24T06:00:06.706+0000] {logging_mixin.py:188} INFO - Boise Average Max Temp: 30.78 (n=6)
[2025-08-24T06:00:06.706+0000] {python.py:237} INFO - Done. Returned value was: None
[2025-08-24T06:00:06.706+0000] {taskinstance.py:441} INFO - ::group::Post task execution logs
[2025-08-24T06:00:06.713+0000] {taskinstance.py:1206} INFO - Marking task as SUCCESS. dag_id=weather_avg_temp, task_id=publish, run_id=scheduled__2025-08-23T06:00:00+00:00, execution_date=20250823T060000, start_date=20250824T060006, end_date=20250824T060006
[2025-08-24T06:00:06.729+0000] {local_task_job_runner.py:240} INFO - Task exited with return code 0
[2025-08-24T06:00:06.742+0000] {taskinstance.py:3503} INFO - 0 downstream tasks scheduled from follow-on schedule check
[2025-08-24T06:00:06.743+0000] {local_task_job_runner.py:222} INFO - ::endgroup::
